<?xml version="1.0" encoding="UTF-8"?>
<testsuite xmlns:xsi="http://www.w3.org/2001/XMLSchema-instance" xsi:noNamespaceSchemaLocation="https://maven.apache.org/surefire/maven-surefire-plugin/xsd/surefire-test-report.xsd" name="com.ItemSearchServiceImplTest" time="28.203" tests="8" errors="8" skipped="0" failures="0">
  <properties>
[...]
</properties>
  <testcase name="testAddList" classname="com.ItemSearchServiceImplTest" time="0.82">
    <error message="IOException occured when talking to server at: http://127.0.0.1:8090/solr/itemcore; nested exception is org.apache.solr.client.solrj.SolrServerException: IOException occured when talking to server at: http://127.0.0.1:8090/solr/itemcore" type="org.springframework.data.solr.UncategorizedSolrException">org.springframework.data.solr.UncategorizedSolrException: IOException occured when talking to server at: http://127.0.0.1:8090/solr/itemcore; nested exception is org.apache.solr.client.solrj.SolrServerException: IOException occured when talking to server at: http://127.0.0.1:8090/solr/itemcore
	at com.ItemSearchServiceImplTest.testAddList(ItemSearchServiceImplTest.java:113)
Caused by: org.apache.solr.client.solrj.SolrServerException: IOException occured when talking to server at: http://127.0.0.1:8090/solr/itemcore
	at com.ItemSearchServiceImplTest.testAddList(ItemSearchServiceImplTest.java:113)
Caused by: org.apache.http.conn.ConnectTimeoutException: Connect to 127.0.0.1:8090 timed out
	at com.ItemSearchServiceImplTest.testAddList(ItemSearchServiceImplTest.java:113)
</error>
    <system-err><![CDATA[SLF4J: Class path contains multiple SLF4J bindings.
SLF4J: Found binding in [jar:file:/C:/Users/Administrator/.m2/repository/org/slf4j/slf4j-log4j12/1.7.25/slf4j-log4j12-1.7.25.jar!/org/slf4j/impl/StaticLoggerBinder.class]
SLF4J: Found binding in [jar:file:/C:/Users/Administrator/.m2/repository/ch/qos/logback/logback-classic/1.2.3/logback-classic-1.2.3.jar!/org/slf4j/impl/StaticLoggerBinder.class]
SLF4J: See http://www.slf4j.org/codes.html#multiple_bindings for an explanation.
log4j:WARN Unrecognized element rollingPolicy
SLF4J: Actual binding is of type [org.slf4j.impl.Log4jLoggerFactory]
]]></system-err>
  </testcase>
  <testcase name="testAdd" classname="com.ItemSearchServiceImplTest" time="0.071">
    <error message="IOException occured when talking to server at: http://127.0.0.1:8090/solr/itemcore; nested exception is org.apache.solr.client.solrj.SolrServerException: IOException occured when talking to server at: http://127.0.0.1:8090/solr/itemcore" type="org.springframework.data.solr.UncategorizedSolrException">org.springframework.data.solr.UncategorizedSolrException: IOException occured when talking to server at: http://127.0.0.1:8090/solr/itemcore; nested exception is org.apache.solr.client.solrj.SolrServerException: IOException occured when talking to server at: http://127.0.0.1:8090/solr/itemcore
	at com.ItemSearchServiceImplTest.testAdd(ItemSearchServiceImplTest.java:93)
Caused by: org.apache.solr.client.solrj.SolrServerException: IOException occured when talking to server at: http://127.0.0.1:8090/solr/itemcore
	at com.ItemSearchServiceImplTest.testAdd(ItemSearchServiceImplTest.java:93)
Caused by: org.apache.http.conn.ConnectTimeoutException: Connect to 127.0.0.1:8090 timed out
	at com.ItemSearchServiceImplTest.testAdd(ItemSearchServiceImplTest.java:93)
</error>
    <system-out><![CDATA[9337
]]></system-out>
  </testcase>
  <testcase name="search" classname="com.ItemSearchServiceImplTest" time="0.442">
    <error message="IOException occured when talking to server at: http://127.0.0.1:8090/solr/itemcore; nested exception is org.apache.solr.client.solrj.SolrServerException: IOException occured when talking to server at: http://127.0.0.1:8090/solr/itemcore" type="org.springframework.data.solr.UncategorizedSolrException">org.springframework.data.solr.UncategorizedSolrException: IOException occured when talking to server at: http://127.0.0.1:8090/solr/itemcore; nested exception is org.apache.solr.client.solrj.SolrServerException: IOException occured when talking to server at: http://127.0.0.1:8090/solr/itemcore
	at com.ItemSearchServiceImplTest.search(ItemSearchServiceImplTest.java:41)
Caused by: org.apache.solr.client.solrj.SolrServerException: IOException occured when talking to server at: http://127.0.0.1:8090/solr/itemcore
	at com.ItemSearchServiceImplTest.search(ItemSearchServiceImplTest.java:41)
Caused by: org.apache.http.conn.ConnectTimeoutException: Connect to 127.0.0.1:8090 timed out
	at com.ItemSearchServiceImplTest.search(ItemSearchServiceImplTest.java:41)
</error>
  </testcase>
  <testcase name="searchById" classname="com.ItemSearchServiceImplTest" time="0.105">
    <error message="IOException occured when talking to server at: http://127.0.0.1:8090/solr/itemcore; nested exception is org.apache.solr.client.solrj.SolrServerException: IOException occured when talking to server at: http://127.0.0.1:8090/solr/itemcore" type="org.springframework.data.solr.UncategorizedSolrException">org.springframework.data.solr.UncategorizedSolrException: IOException occured when talking to server at: http://127.0.0.1:8090/solr/itemcore; nested exception is org.apache.solr.client.solrj.SolrServerException: IOException occured when talking to server at: http://127.0.0.1:8090/solr/itemcore
	at com.ItemSearchServiceImplTest.searchById(ItemSearchServiceImplTest.java:120)
Caused by: org.apache.solr.client.solrj.SolrServerException: IOException occured when talking to server at: http://127.0.0.1:8090/solr/itemcore
	at com.ItemSearchServiceImplTest.searchById(ItemSearchServiceImplTest.java:120)
Caused by: org.apache.http.conn.ConnectTimeoutException: Connect to 127.0.0.1:8090 timed out
	at com.ItemSearchServiceImplTest.searchById(ItemSearchServiceImplTest.java:120)
</error>
  </testcase>
  <testcase name="deleteAll" classname="com.ItemSearchServiceImplTest" time="0.105">
    <error message="IOException occured when talking to server at: http://127.0.0.1:8090/solr/itemcore; nested exception is org.apache.solr.client.solrj.SolrServerException: IOException occured when talking to server at: http://127.0.0.1:8090/solr/itemcore" type="org.springframework.data.solr.UncategorizedSolrException">org.springframework.data.solr.UncategorizedSolrException: IOException occured when talking to server at: http://127.0.0.1:8090/solr/itemcore; nested exception is org.apache.solr.client.solrj.SolrServerException: IOException occured when talking to server at: http://127.0.0.1:8090/solr/itemcore
	at com.ItemSearchServiceImplTest.deleteAll(ItemSearchServiceImplTest.java:142)
Caused by: org.apache.solr.client.solrj.SolrServerException: IOException occured when talking to server at: http://127.0.0.1:8090/solr/itemcore
	at com.ItemSearchServiceImplTest.deleteAll(ItemSearchServiceImplTest.java:142)
Caused by: org.apache.http.conn.ConnectTimeoutException: Connect to 127.0.0.1:8090 timed out
	at com.ItemSearchServiceImplTest.deleteAll(ItemSearchServiceImplTest.java:142)
</error>
  </testcase>
  <testcase name="add" classname="com.ItemSearchServiceImplTest" time="0.102">
    <error message="IOException occured when talking to server at: http://127.0.0.1:8090/solr/itemcore; nested exception is org.apache.solr.client.solrj.SolrServerException: IOException occured when talking to server at: http://127.0.0.1:8090/solr/itemcore" type="org.springframework.data.solr.UncategorizedSolrException">org.springframework.data.solr.UncategorizedSolrException: IOException occured when talking to server at: http://127.0.0.1:8090/solr/itemcore; nested exception is org.apache.solr.client.solrj.SolrServerException: IOException occured when talking to server at: http://127.0.0.1:8090/solr/itemcore
	at com.ItemSearchServiceImplTest.add(ItemSearchServiceImplTest.java:72)
Caused by: org.apache.solr.client.solrj.SolrServerException: IOException occured when talking to server at: http://127.0.0.1:8090/solr/itemcore
	at com.ItemSearchServiceImplTest.add(ItemSearchServiceImplTest.java:72)
Caused by: org.apache.http.conn.ConnectTimeoutException: Connect to 127.0.0.1:8090 timed out
	at com.ItemSearchServiceImplTest.add(ItemSearchServiceImplTest.java:72)
</error>
  </testcase>
  <testcase name="pageQuery" classname="com.ItemSearchServiceImplTest" time="0.104">
    <error message="IOException occured when talking to server at: http://127.0.0.1:8090/solr/itemcore; nested exception is org.apache.solr.client.solrj.SolrServerException: IOException occured when talking to server at: http://127.0.0.1:8090/solr/itemcore" type="org.springframework.data.solr.UncategorizedSolrException">org.springframework.data.solr.UncategorizedSolrException: IOException occured when talking to server at: http://127.0.0.1:8090/solr/itemcore; nested exception is org.apache.solr.client.solrj.SolrServerException: IOException occured when talking to server at: http://127.0.0.1:8090/solr/itemcore
	at com.ItemSearchServiceImplTest.pageQuery(ItemSearchServiceImplTest.java:131)
Caused by: org.apache.solr.client.solrj.SolrServerException: IOException occured when talking to server at: http://127.0.0.1:8090/solr/itemcore
	at com.ItemSearchServiceImplTest.pageQuery(ItemSearchServiceImplTest.java:131)
Caused by: org.apache.http.conn.ConnectTimeoutException: Connect to 127.0.0.1:8090 timed out
	at com.ItemSearchServiceImplTest.pageQuery(ItemSearchServiceImplTest.java:131)
</error>
  </testcase>
  <testcase name="deleteById" classname="com.ItemSearchServiceImplTest" time="0.103">
    <error message="IOException occured when talking to server at: http://127.0.0.1:8090/solr/itemcore; nested exception is org.apache.solr.client.solrj.SolrServerException: IOException occured when talking to server at: http://127.0.0.1:8090/solr/itemcore" type="org.springframework.data.solr.UncategorizedSolrException">org.springframework.data.solr.UncategorizedSolrException: IOException occured when talking to server at: http://127.0.0.1:8090/solr/itemcore; nested exception is org.apache.solr.client.solrj.SolrServerException: IOException occured when talking to server at: http://127.0.0.1:8090/solr/itemcore
	at com.ItemSearchServiceImplTest.deleteById(ItemSearchServiceImplTest.java:126)
Caused by: org.apache.solr.client.solrj.SolrServerException: IOException occured when talking to server at: http://127.0.0.1:8090/solr/itemcore
	at com.ItemSearchServiceImplTest.deleteById(ItemSearchServiceImplTest.java:126)
Caused by: org.apache.http.conn.ConnectTimeoutException: Connect to 127.0.0.1:8090 timed out
	at com.ItemSearchServiceImplTest.deleteById(ItemSearchServiceImplTest.java:126)
</error>
  </testcase>
</testsuite>